[07/31/2019 17:22:55,376][ INFO][com.tfp.faccifweb.datasource.DatabaseInitializer] DatabaseInitializer init method called
[07/31/2019 17:22:57,519][ INFO][com.tfp.faccifweb.datasource.DatabaseInitializer] Database Connection Initialization Succeeded.
[07/31/2019 17:22:57,891][ INFO][com.tfp.faccifweb.datasource.hibernate.ApplicationParametersDAOImpl]  Loading Application parameters for the env DEFAULT
[07/31/2019 17:22:57,891][ INFO][com.tfp.faccifweb.datasource.hibernate.ApplicationParametersDAOImpl]  Parameter [name,value]:  [mailHost,mailHost]
[07/31/2019 17:22:57,891][ INFO][com.tfp.faccifweb.datasource.hibernate.ApplicationParametersDAOImpl]  Parameter [name,value]:  [fromAddress,admin@yourdomain.com]
[07/31/2019 17:22:57,892][ INFO][com.tfp.faccifweb.datasource.hibernate.ApplicationParametersDAOImpl]  Parameter [name,value]:  [mailTemplateDirectory,null]
[07/31/2019 17:22:57,892][ INFO][com.tfp.faccifweb.datasource.hibernate.ApplicationParametersDAOImpl]  Parameter [name,value]:  [minutesInterval,1]
[07/31/2019 17:22:57,892][ INFO][com.tfp.faccifweb.datasource.hibernate.ApplicationParametersDAOImpl]  Parameter [name,value]:  [SFTPminutesInterval,1]
[07/31/2019 17:22:57,892][ INFO][com.tfp.faccifweb.datasource.hibernate.ApplicationParametersDAOImpl]  Parameter [name,value]:  [batchFileLocation,c:/accuity/app-folders/clink37/batches/]
[07/31/2019 17:22:57,892][ INFO][com.tfp.faccifweb.datasource.hibernate.ApplicationParametersDAOImpl]  Parameter [name,value]:  [fuzzyDial,85]
[07/31/2019 17:22:57,892][ INFO][com.tfp.faccifweb.datasource.hibernate.ApplicationParametersDAOImpl]  Parameter [name,value]:  [maxMatchesForReport,5000]
[07/31/2019 17:22:57,893][ INFO][com.tfp.faccifweb.datasource.hibernate.ApplicationParametersDAOImpl]  Parameter [name,value]:  [ffplusfile,c:/accuity/app-folders/clink37/gwldata/]
[07/31/2019 17:22:57,893][ INFO][com.tfp.faccifweb.datasource.hibernate.ApplicationParametersDAOImpl]  Parameter [name,value]:  [defaultCharMapFile,null]
[07/31/2019 17:22:57,893][ INFO][com.tfp.faccifweb.datasource.hibernate.ApplicationParametersDAOImpl]  Parameter [name,value]:  [sftpUserLocations,c:/accuity/app-folders/clink37/sftpusers]
[07/31/2019 17:22:57,893][ INFO][com.tfp.faccifweb.datasource.hibernate.ApplicationParametersDAOImpl]  Parameter [name,value]:  [runBatchFiltering,false]
[07/31/2019 17:22:57,893][ INFO][com.tfp.faccifweb.datasource.hibernate.ApplicationParametersDAOImpl]  Parameter [name,value]:  [runSFTPProcess,false]
[07/31/2019 17:22:57,893][ INFO][com.tfp.faccifweb.datasource.hibernate.ApplicationParametersDAOImpl]  Parameter [name,value]:  [runAutoFilePickup,false]
[07/31/2019 17:22:57,893][ INFO][com.tfp.faccifweb.datasource.hibernate.ApplicationParametersDAOImpl]  Parameter [name,value]:  [autoFilePickupDirectory,c:/accuity/app-folders/clink37/inboxgwl]
[07/31/2019 17:22:57,894][ INFO][com.tfp.faccifweb.datasource.hibernate.ApplicationParametersDAOImpl]  Parameter [name,value]:  [autoFilePickupAccount,1]
[07/31/2019 17:22:57,894][ INFO][com.tfp.faccifweb.datasource.hibernate.ApplicationParametersDAOImpl]  Parameter [name,value]:  [autoFilePickupUser,test]
[07/31/2019 17:22:57,894][ INFO][com.tfp.faccifweb.datasource.hibernate.ApplicationParametersDAOImpl]  Parameter [name,value]:  [runFolderReportsGenerator,false]
[07/31/2019 17:22:57,894][ INFO][com.tfp.faccifweb.datasource.hibernate.ApplicationParametersDAOImpl]  Parameter [name,value]:  [folderReportGeneratorDailyTime,23:01:01]
[07/31/2019 17:22:57,894][ INFO][com.tfp.faccifweb.datasource.hibernate.ApplicationParametersDAOImpl]  Parameter [name,value]:  [folderReportGeneratorFrequency,1]
[07/31/2019 17:22:57,894][ INFO][com.tfp.faccifweb.datasource.hibernate.ApplicationParametersDAOImpl]  Parameter [name,value]:  [InteractiveLookupWSURL,http://eval102076.b2b.reg.net:8080/ComplianceLinkWS37/services/InteractiveFilterService]
[07/31/2019 17:22:57,894][ INFO][com.tfp.faccifweb.datasource.hibernate.ApplicationParametersDAOImpl]  Parameter [name,value]:  [CustomLookupWSURL,http://eval102076.b2b.reg.net:8080/ComplianceLinkWS37/services/CustomFilterService]
[07/31/2019 17:22:57,895][ INFO][com.tfp.faccifweb.datasource.hibernate.ApplicationParametersDAOImpl]  Parameter [name,value]:  [matchViewedTimeCheck,30]
[07/31/2019 17:22:57,895][ INFO][com.tfp.faccifweb.datasource.hibernate.ApplicationParametersDAOImpl]  Parameter [name,value]:  [wcLink,https://accuity.worldcompliance.com/signin.aspx?auth=$AUTHGUID$&amp;ent=$ENTITYGUID$]
[07/31/2019 17:22:57,895][ INFO][com.tfp.faccifweb.datasource.hibernate.ApplicationParametersDAOImpl]  Parameter [name,value]:  [showPFCheckbox,true]
[07/31/2019 17:22:57,895][ INFO][com.tfp.faccifweb.datasource.hibernate.ApplicationParametersDAOImpl]  Parameter [name,value]:  [showCMButton,true]
[07/31/2019 17:22:57,895][ INFO][com.tfp.faccifweb.datasource.hibernate.ApplicationParametersDAOImpl]  Parameter [name,value]:  [allowEnablingLookupModule,true]
[07/31/2019 17:22:57,895][ INFO][com.tfp.faccifweb.datasource.hibernate.ApplicationParametersDAOImpl]  Parameter [name,value]:  [allowEnablingNotifications,true]
[07/31/2019 17:22:57,895][ INFO][com.tfp.faccifweb.datasource.hibernate.ApplicationParametersDAOImpl]  Parameter [name,value]:  [allowExternalAuthentication,true]
[07/31/2019 17:22:57,896][ INFO][com.tfp.faccifweb.datasource.hibernate.ApplicationParametersDAOImpl]  Parameter [name,value]:  [changePasswordOnFirstLogin,true]
[07/31/2019 17:22:57,896][ INFO][com.tfp.faccifweb.datasource.hibernate.ApplicationParametersDAOImpl]  Parameter [name,value]:  [passwordAging,false]
[07/31/2019 17:22:57,896][ INFO][com.tfp.faccifweb.datasource.hibernate.ApplicationParametersDAOImpl]  Parameter [name,value]:  [passwordAge,30]
[07/31/2019 17:22:57,896][ INFO][com.tfp.faccifweb.datasource.hibernate.ApplicationParametersDAOImpl]  Parameter [name,value]:  [loginAging,false]
[07/31/2019 17:22:57,896][ INFO][com.tfp.faccifweb.datasource.hibernate.ApplicationParametersDAOImpl]  Parameter [name,value]:  [loginAge,30]
[07/31/2019 17:22:57,896][ INFO][com.tfp.faccifweb.datasource.hibernate.ApplicationParametersDAOImpl]  Parameter [name,value]:  [passwordLockout,true]
[07/31/2019 17:22:57,897][ INFO][com.tfp.faccifweb.datasource.hibernate.ApplicationParametersDAOImpl]  Parameter [name,value]:  [passwordLockoutAttempts,3]
[07/31/2019 17:22:57,897][ INFO][com.tfp.faccifweb.datasource.hibernate.ApplicationParametersDAOImpl]  Parameter [name,value]:  [passwordLockoutAttemptsPeriod,24]
[07/31/2019 17:22:57,897][ INFO][com.tfp.faccifweb.datasource.hibernate.ApplicationParametersDAOImpl]  Parameter [name,value]:  [minPasswordLengthRequired,true]
[07/31/2019 17:22:57,897][ INFO][com.tfp.faccifweb.datasource.hibernate.ApplicationParametersDAOImpl]  Parameter [name,value]:  [minPasswordLength,8]
[07/31/2019 17:22:57,897][ INFO][com.tfp.faccifweb.datasource.hibernate.ApplicationParametersDAOImpl]  Parameter [name,value]:  [complexPasswordRequired,true]
[07/31/2019 17:22:57,897][ INFO][com.tfp.faccifweb.datasource.hibernate.ApplicationParametersDAOImpl]  Parameter [name,value]:  [passwordReUseCheck,true]
[07/31/2019 17:22:57,897][ INFO][com.tfp.faccifweb.datasource.hibernate.ApplicationParametersDAOImpl]  Parameter [name,value]:  [passwordReUseCheckHistoryCount,6]
[07/31/2019 17:22:57,898][ INFO][com.tfp.faccifweb.datasource.hibernate.ApplicationParametersDAOImpl]  Parameter [name,value]:  [minPasswordRotationTimeCheck,true]
[07/31/2019 17:22:57,898][ INFO][com.tfp.faccifweb.datasource.hibernate.ApplicationParametersDAOImpl]  Parameter [name,value]:  [minPasswordRotationTimeCheckPeriod,24]
[07/31/2019 17:22:57,898][ INFO][com.tfp.faccifweb.datasource.hibernate.ApplicationParametersDAOImpl]  Parameter [name,value]:  [customerServiceAddress,custservice@yourdomain.com]
[07/31/2019 17:22:57,898][ INFO][com.tfp.faccifweb.datasource.hibernate.ApplicationParametersDAOImpl]  Parameter [name,value]:  [filePickupJobRunTime,0 0/10 * * * ?]
[07/31/2019 17:22:57,898][ INFO][com.tfp.faccifweb.datasource.hibernate.ApplicationParametersDAOImpl]  Parameter [name,value]:  [batchJobRunTime,0 0/5 * * * ?]
[07/31/2019 17:22:57,898][ INFO][com.tfp.faccifweb.datasource.hibernate.ApplicationParametersDAOImpl]  Parameter [name,value]:  [daysForDashboardActivity,1]
[07/31/2019 17:22:57,898][ INFO][com.tfp.faccifweb.datasource.hibernate.ApplicationParametersDAOImpl]  Parameter [name,value]:  [folderReportsGeneratorJobRunTime,0 0/15 * * * ?]
[07/31/2019 17:22:57,898][ INFO][com.tfp.faccifweb.datasource.hibernate.ApplicationParametersDAOImpl]  Parameter [name,value]:  [sftpBatchCreationJobRunTime,0 0/15 * * * ?]
[07/31/2019 17:22:57,899][ INFO][com.tfp.faccifweb.datasource.hibernate.ApplicationParametersDAOImpl]  Parameter [name,value]:  [cl.gwl.auto.cleanup,true]
[07/31/2019 17:22:57,899][ INFO][com.tfp.faccifweb.datasource.hibernate.ApplicationParametersDAOImpl]  Parameter [name,value]:  [showCWLButton,false]
[07/31/2019 17:22:57,899][ INFO][com.tfp.faccifweb.datasource.hibernate.ApplicationParametersDAOImpl]  Parameter [name,value]:  [userPasswordCheck,false]
[07/31/2019 17:22:57,899][ INFO][com.tfp.faccifweb.datasource.hibernate.ApplicationParametersDAOImpl]  Parameter [name,value]:  [showPLMButton,false]
[07/31/2019 17:22:57,901][ INFO][com.tfp.faccifweb.datasource.hibernate.ApplicationParametersDAOImpl]  Parameter [name,value]:  [showCDMButton,false]
[07/31/2019 17:22:57,901][ INFO][com.tfp.faccifweb.datasource.hibernate.ApplicationParametersDAOImpl]  Parameter [name,value]:  [showCGMButton,false]
[07/31/2019 17:22:57,902][ INFO][com.tfp.faccifweb.datasource.hibernate.ApplicationParametersDAOImpl]  Parameter [name,value]:  [allowASMNotifications,false]
[07/31/2019 17:22:57,911][ INFO][com.tfp.faccifweb.datasource.hibernate.ApplicationParametersDAOImpl]  Loading Application parameters for the env clink37
[07/31/2019 17:22:57,911][ INFO][com.tfp.faccifweb.datasource.hibernate.ApplicationParametersDAOImpl]  Parameter [name,value]:  [runBatchFiltering,true]
[07/31/2019 17:22:57,912][ INFO][com.tfp.faccifweb.datasource.hibernate.ApplicationParametersDAOImpl]  Parameter [name,value]:  [runSFTPProcess,true]
[07/31/2019 17:22:57,914][ INFO][com.tfp.faccifweb.datasource.hibernate.ApplicationParametersDAOImpl]  Parameter [name,value]:  [runAutoFilePickup,true]
[07/31/2019 17:22:57,914][ INFO][com.tfp.faccifweb.datasource.hibernate.ApplicationParametersDAOImpl]  Parameter [name,value]:  [runFolderReportsGenerator,true]
[07/31/2019 17:22:57,915][ INFO][com.tfp.faccifweb.datasource.hibernate.ApplicationParametersDAOImpl]  Parameter [name,value]:  [filePickupJobRunTime,0 0/2 * * * ?]
[07/31/2019 17:22:57,916][ INFO][com.tfp.faccifweb.datasource.hibernate.ApplicationParametersDAOImpl]  Parameter [name,value]:  [batchJobRunTime,0 1/2 * * * ?]
[07/31/2019 17:22:57,916][ INFO][com.tfp.faccifweb.datasource.hibernate.ApplicationParametersDAOImpl]  Parameter [name,value]:  [folderReportsGeneratorJobRunTime,0 0/5 * * * ?]
[07/31/2019 17:22:57,916][ INFO][com.tfp.faccifweb.datasource.hibernate.ApplicationParametersDAOImpl]  Parameter [name,value]:  [sftpBatchCreationJobRunTime,0 0/2 * * * ?]
[07/31/2019 17:22:57,916][ INFO][com.tfp.faccifweb.datasource.hibernate.ApplicationParametersDAOImpl]  Parameter [name,value]:  [InteractiveLookupWSURL,http://eval102076.b2b.regn.net:8080/ComplianceLinkWS37/services/InteractiveFilterService]
[07/31/2019 17:22:57,916][ INFO][com.tfp.faccifweb.datasource.hibernate.ApplicationParametersDAOImpl]  Parameter [name,value]:  [CustomLookupWSURL,http://eval102076.b2b.regn.net:8080/ComplianceLinkWS37/services/CustomFilterService]
[07/31/2019 17:23:02,147][ INFO][com.tfp.faccifweb.ApplicationParameterInitializer] Using Default CharMap File : '/usr/local/tomcat/webapps/ComplianceLink/assets/charmap.xml'
[07/31/2019 17:23:03,386][ INFO][com.tfp.faccifweb.ApplicationParameterInitializer] Initialization Finished Successfully
[07/31/2019 17:23:03,389][ INFO][com.tfp.faccifweb.ApplicationParameterInitializer] All the Jobs configured: [DEFAULT.filePickupJob, DEFAULT.folderReportsGeneratorJob, DEFAULT.batchThreadJob, DEFAULT.sFTPBatchCreationJob, DEFAULT.accountCustDataCopyJob, DEFAULT.threadHeartbeatJob]
[07/31/2019 17:24:51,170][ INFO][com.tfp.faccifweb.datasource.hibernate.ApplicationParametersDAOImpl]  Loading All Application parameters for env: clink37 params: [com.accuity.compliancelink.beans.ApplicationParameters@2d157008, com.accuity.compliancelink.beans.ApplicationParameters@2603994b, com.accuity.compliancelink.beans.ApplicationParameters@3dea1839, com.accuity.compliancelink.beans.ApplicationParameters@482120ac, com.accuity.compliancelink.beans.ApplicationParameters@4e329c90, com.accuity.compliancelink.beans.ApplicationParameters@74419ddc, com.accuity.compliancelink.beans.ApplicationParameters@190778bd, com.accuity.compliancelink.beans.ApplicationParameters@58e20f71, com.accuity.compliancelink.beans.ApplicationParameters@2eecee1, com.accuity.compliancelink.beans.ApplicationParameters@7ab90c1d]
[07/31/2019 17:25:38,950][ INFO][com.tfp.faccifweb.datasource.hibernate.ApplicationParametersDAOImpl]  Loading All Application parameters for env: clink37 params: [com.accuity.compliancelink.beans.ApplicationParameters@7a1f67ff, com.accuity.compliancelink.beans.ApplicationParameters@5a5f20c7, com.accuity.compliancelink.beans.ApplicationParameters@7d888580, com.accuity.compliancelink.beans.ApplicationParameters@528f2a26, com.accuity.compliancelink.beans.ApplicationParameters@532e8f17, com.accuity.compliancelink.beans.ApplicationParameters@7054c4ad, com.accuity.compliancelink.beans.ApplicationParameters@4949eba2, com.accuity.compliancelink.beans.ApplicationParameters@623c36b7, com.accuity.compliancelink.beans.ApplicationParameters@454d5bd0, com.accuity.compliancelink.beans.ApplicationParameters@13ea8e78]
[07/31/2019 17:25:38,969][ INFO][com.tfp.faccifweb.datasource.hibernate.ApplicationParametersDAOImpl]  Saved new param name: ffplusfile value: /data/accuity/clink/gwldata/
[07/31/2019 17:25:38,984][ INFO][com.tfp.faccifweb.datasource.hibernate.ApplicationParametersDAOImpl]  Saved new param name: sftpUserLocations value: /data/accuity/clink/sftpusers
[07/31/2019 17:25:39,000][ INFO][com.tfp.faccifweb.datasource.hibernate.ApplicationParametersDAOImpl]  Updated param name: InteractiveLookupWSURL value: http://dockerhost:8080/ComplianceLinkWS/services/InteractiveFilterService
[07/31/2019 17:25:39,023][ INFO][com.tfp.faccifweb.datasource.hibernate.ApplicationParametersDAOImpl]  Updated param name: CustomLookupWSURL value: http://dockerhost:8080/ComplianceLinkWS/services/CustomFilterService
[07/31/2019 17:25:39,031][ INFO][com.tfp.faccifweb.datasource.hibernate.ApplicationParametersDAOImpl]  Saved new param name: batchFileLocation value: /data/accuity/clink/batches/
[07/31/2019 17:25:39,036][ INFO][com.tfp.faccifweb.datasource.hibernate.ApplicationParametersDAOImpl]  Saved new param name: autoFilePickupDirectory value: /data/accuity/clink/inboxgwl
[07/31/2019 17:25:39,059][ INFO][com.tfp.faccifweb.datasource.hibernate.ApplicationParametersDAOImpl]  Loading All Application parameters for env: clink37 params: [com.accuity.compliancelink.beans.ApplicationParameters@b3f424c, com.accuity.compliancelink.beans.ApplicationParameters@bd9442d, com.accuity.compliancelink.beans.ApplicationParameters@2f1f48eb, com.accuity.compliancelink.beans.ApplicationParameters@65de8d86, com.accuity.compliancelink.beans.ApplicationParameters@14029e53, com.accuity.compliancelink.beans.ApplicationParameters@55bb48d2, com.accuity.compliancelink.beans.ApplicationParameters@b60a9e, com.accuity.compliancelink.beans.ApplicationParameters@111505b3, com.accuity.compliancelink.beans.ApplicationParameters@11e5f1c4, com.accuity.compliancelink.beans.ApplicationParameters@1e97d6f2, com.accuity.compliancelink.beans.ApplicationParameters@2ec5dd44, com.accuity.compliancelink.beans.ApplicationParameters@17447db2, com.accuity.compliancelink.beans.ApplicationParameters@2911d54f, com.accuity.compliancelink.beans.ApplicationParameters@911a6d9]
[07/31/2019 17:25:50,507][ INFO][com.tfp.faccifweb.datasource.DatabaseInitializer] DatabaseInitializer init method called
[07/31/2019 17:25:52,903][ INFO][com.tfp.faccifweb.datasource.DatabaseInitializer] Database Connection Initialization Succeeded.
[07/31/2019 17:25:53,510][ INFO][com.tfp.faccifweb.datasource.hibernate.ApplicationParametersDAOImpl]  Loading Application parameters for the env DEFAULT
[07/31/2019 17:25:53,516][ INFO][com.tfp.faccifweb.datasource.hibernate.ApplicationParametersDAOImpl]  Parameter [name,value]:  [mailHost,mailHost]
[07/31/2019 17:25:53,516][ INFO][com.tfp.faccifweb.datasource.hibernate.ApplicationParametersDAOImpl]  Parameter [name,value]:  [fromAddress,admin@yourdomain.com]
[07/31/2019 17:25:53,516][ INFO][com.tfp.faccifweb.datasource.hibernate.ApplicationParametersDAOImpl]  Parameter [name,value]:  [mailTemplateDirectory,null]
[07/31/2019 17:25:53,516][ INFO][com.tfp.faccifweb.datasource.hibernate.ApplicationParametersDAOImpl]  Parameter [name,value]:  [minutesInterval,1]
[07/31/2019 17:25:53,517][ INFO][com.tfp.faccifweb.datasource.hibernate.ApplicationParametersDAOImpl]  Parameter [name,value]:  [SFTPminutesInterval,1]
[07/31/2019 17:25:53,517][ INFO][com.tfp.faccifweb.datasource.hibernate.ApplicationParametersDAOImpl]  Parameter [name,value]:  [batchFileLocation,c:/accuity/app-folders/clink37/batches/]
[07/31/2019 17:25:53,517][ INFO][com.tfp.faccifweb.datasource.hibernate.ApplicationParametersDAOImpl]  Parameter [name,value]:  [fuzzyDial,85]
[07/31/2019 17:25:53,517][ INFO][com.tfp.faccifweb.datasource.hibernate.ApplicationParametersDAOImpl]  Parameter [name,value]:  [maxMatchesForReport,5000]
[07/31/2019 17:25:53,517][ INFO][com.tfp.faccifweb.datasource.hibernate.ApplicationParametersDAOImpl]  Parameter [name,value]:  [ffplusfile,c:/accuity/app-folders/clink37/gwldata/]
[07/31/2019 17:25:53,517][ INFO][com.tfp.faccifweb.datasource.hibernate.ApplicationParametersDAOImpl]  Parameter [name,value]:  [defaultCharMapFile,null]
[07/31/2019 17:25:53,517][ INFO][com.tfp.faccifweb.datasource.hibernate.ApplicationParametersDAOImpl]  Parameter [name,value]:  [sftpUserLocations,c:/accuity/app-folders/clink37/sftpusers]
[07/31/2019 17:25:53,517][ INFO][com.tfp.faccifweb.datasource.hibernate.ApplicationParametersDAOImpl]  Parameter [name,value]:  [runBatchFiltering,false]
[07/31/2019 17:25:53,518][ INFO][com.tfp.faccifweb.datasource.hibernate.ApplicationParametersDAOImpl]  Parameter [name,value]:  [runSFTPProcess,false]
[07/31/2019 17:25:53,518][ INFO][com.tfp.faccifweb.datasource.hibernate.ApplicationParametersDAOImpl]  Parameter [name,value]:  [runAutoFilePickup,false]
[07/31/2019 17:25:53,518][ INFO][com.tfp.faccifweb.datasource.hibernate.ApplicationParametersDAOImpl]  Parameter [name,value]:  [autoFilePickupDirectory,c:/accuity/app-folders/clink37/inboxgwl]
[07/31/2019 17:25:53,518][ INFO][com.tfp.faccifweb.datasource.hibernate.ApplicationParametersDAOImpl]  Parameter [name,value]:  [autoFilePickupAccount,1]
[07/31/2019 17:25:53,518][ INFO][com.tfp.faccifweb.datasource.hibernate.ApplicationParametersDAOImpl]  Parameter [name,value]:  [autoFilePickupUser,test]
[07/31/2019 17:25:53,519][ INFO][com.tfp.faccifweb.datasource.hibernate.ApplicationParametersDAOImpl]  Parameter [name,value]:  [runFolderReportsGenerator,false]
[07/31/2019 17:25:53,520][ INFO][com.tfp.faccifweb.datasource.hibernate.ApplicationParametersDAOImpl]  Parameter [name,value]:  [folderReportGeneratorDailyTime,23:01:01]
[07/31/2019 17:25:53,520][ INFO][com.tfp.faccifweb.datasource.hibernate.ApplicationParametersDAOImpl]  Parameter [name,value]:  [folderReportGeneratorFrequency,1]
[07/31/2019 17:25:53,521][ INFO][com.tfp.faccifweb.datasource.hibernate.ApplicationParametersDAOImpl]  Parameter [name,value]:  [InteractiveLookupWSURL,http://eval102076.b2b.reg.net:8080/ComplianceLinkWS37/services/InteractiveFilterService]
[07/31/2019 17:25:53,522][ INFO][com.tfp.faccifweb.datasource.hibernate.ApplicationParametersDAOImpl]  Parameter [name,value]:  [CustomLookupWSURL,http://eval102076.b2b.reg.net:8080/ComplianceLinkWS37/services/CustomFilterService]
[07/31/2019 17:25:53,522][ INFO][com.tfp.faccifweb.datasource.hibernate.ApplicationParametersDAOImpl]  Parameter [name,value]:  [matchViewedTimeCheck,30]
[07/31/2019 17:25:53,522][ INFO][com.tfp.faccifweb.datasource.hibernate.ApplicationParametersDAOImpl]  Parameter [name,value]:  [wcLink,https://accuity.worldcompliance.com/signin.aspx?auth=$AUTHGUID$&amp;ent=$ENTITYGUID$]
[07/31/2019 17:25:53,522][ INFO][com.tfp.faccifweb.datasource.hibernate.ApplicationParametersDAOImpl]  Parameter [name,value]:  [showPFCheckbox,true]
[07/31/2019 17:25:53,523][ INFO][com.tfp.faccifweb.datasource.hibernate.ApplicationParametersDAOImpl]  Parameter [name,value]:  [showCMButton,true]
[07/31/2019 17:25:53,523][ INFO][com.tfp.faccifweb.datasource.hibernate.ApplicationParametersDAOImpl]  Parameter [name,value]:  [allowEnablingLookupModule,true]
[07/31/2019 17:25:53,523][ INFO][com.tfp.faccifweb.datasource.hibernate.ApplicationParametersDAOImpl]  Parameter [name,value]:  [allowEnablingNotifications,true]
[07/31/2019 17:25:53,523][ INFO][com.tfp.faccifweb.datasource.hibernate.ApplicationParametersDAOImpl]  Parameter [name,value]:  [allowExternalAuthentication,true]
[07/31/2019 17:25:53,523][ INFO][com.tfp.faccifweb.datasource.hibernate.ApplicationParametersDAOImpl]  Parameter [name,value]:  [changePasswordOnFirstLogin,true]
[07/31/2019 17:25:53,524][ INFO][com.tfp.faccifweb.datasource.hibernate.ApplicationParametersDAOImpl]  Parameter [name,value]:  [passwordAging,false]
[07/31/2019 17:25:53,524][ INFO][com.tfp.faccifweb.datasource.hibernate.ApplicationParametersDAOImpl]  Parameter [name,value]:  [passwordAge,30]
[07/31/2019 17:25:53,524][ INFO][com.tfp.faccifweb.datasource.hibernate.ApplicationParametersDAOImpl]  Parameter [name,value]:  [loginAging,false]
[07/31/2019 17:25:53,524][ INFO][com.tfp.faccifweb.datasource.hibernate.ApplicationParametersDAOImpl]  Parameter [name,value]:  [loginAge,30]
[07/31/2019 17:25:53,524][ INFO][com.tfp.faccifweb.datasource.hibernate.ApplicationParametersDAOImpl]  Parameter [name,value]:  [passwordLockout,true]
[07/31/2019 17:25:53,532][ INFO][com.tfp.faccifweb.datasource.hibernate.ApplicationParametersDAOImpl]  Parameter [name,value]:  [passwordLockoutAttempts,3]
[07/31/2019 17:25:53,532][ INFO][com.tfp.faccifweb.datasource.hibernate.ApplicationParametersDAOImpl]  Parameter [name,value]:  [passwordLockoutAttemptsPeriod,24]
[07/31/2019 17:25:53,533][ INFO][com.tfp.faccifweb.datasource.hibernate.ApplicationParametersDAOImpl]  Parameter [name,value]:  [minPasswordLengthRequired,true]
[07/31/2019 17:25:53,533][ INFO][com.tfp.faccifweb.datasource.hibernate.ApplicationParametersDAOImpl]  Parameter [name,value]:  [minPasswordLength,8]
[07/31/2019 17:25:53,533][ INFO][com.tfp.faccifweb.datasource.hibernate.ApplicationParametersDAOImpl]  Parameter [name,value]:  [complexPasswordRequired,true]
[07/31/2019 17:25:53,533][ INFO][com.tfp.faccifweb.datasource.hibernate.ApplicationParametersDAOImpl]  Parameter [name,value]:  [passwordReUseCheck,true]
[07/31/2019 17:25:53,534][ INFO][com.tfp.faccifweb.datasource.hibernate.ApplicationParametersDAOImpl]  Parameter [name,value]:  [passwordReUseCheckHistoryCount,6]
[07/31/2019 17:25:53,534][ INFO][com.tfp.faccifweb.datasource.hibernate.ApplicationParametersDAOImpl]  Parameter [name,value]:  [minPasswordRotationTimeCheck,true]
[07/31/2019 17:25:53,534][ INFO][com.tfp.faccifweb.datasource.hibernate.ApplicationParametersDAOImpl]  Parameter [name,value]:  [minPasswordRotationTimeCheckPeriod,24]
[07/31/2019 17:25:53,534][ INFO][com.tfp.faccifweb.datasource.hibernate.ApplicationParametersDAOImpl]  Parameter [name,value]:  [customerServiceAddress,custservice@yourdomain.com]
[07/31/2019 17:25:53,535][ INFO][com.tfp.faccifweb.datasource.hibernate.ApplicationParametersDAOImpl]  Parameter [name,value]:  [filePickupJobRunTime,0 0/10 * * * ?]
[07/31/2019 17:25:53,535][ INFO][com.tfp.faccifweb.datasource.hibernate.ApplicationParametersDAOImpl]  Parameter [name,value]:  [batchJobRunTime,0 0/5 * * * ?]
[07/31/2019 17:25:53,535][ INFO][com.tfp.faccifweb.datasource.hibernate.ApplicationParametersDAOImpl]  Parameter [name,value]:  [daysForDashboardActivity,1]
[07/31/2019 17:25:53,541][ INFO][com.tfp.faccifweb.datasource.hibernate.ApplicationParametersDAOImpl]  Parameter [name,value]:  [folderReportsGeneratorJobRunTime,0 0/15 * * * ?]
[07/31/2019 17:25:53,542][ INFO][com.tfp.faccifweb.datasource.hibernate.ApplicationParametersDAOImpl]  Parameter [name,value]:  [sftpBatchCreationJobRunTime,0 0/15 * * * ?]
[07/31/2019 17:25:53,542][ INFO][com.tfp.faccifweb.datasource.hibernate.ApplicationParametersDAOImpl]  Parameter [name,value]:  [cl.gwl.auto.cleanup,true]
[07/31/2019 17:25:53,543][ INFO][com.tfp.faccifweb.datasource.hibernate.ApplicationParametersDAOImpl]  Parameter [name,value]:  [showCWLButton,false]
[07/31/2019 17:25:53,543][ INFO][com.tfp.faccifweb.datasource.hibernate.ApplicationParametersDAOImpl]  Parameter [name,value]:  [userPasswordCheck,false]
[07/31/2019 17:25:53,543][ INFO][com.tfp.faccifweb.datasource.hibernate.ApplicationParametersDAOImpl]  Parameter [name,value]:  [showPLMButton,false]
[07/31/2019 17:25:53,543][ INFO][com.tfp.faccifweb.datasource.hibernate.ApplicationParametersDAOImpl]  Parameter [name,value]:  [showCDMButton,false]
[07/31/2019 17:25:53,544][ INFO][com.tfp.faccifweb.datasource.hibernate.ApplicationParametersDAOImpl]  Parameter [name,value]:  [showCGMButton,false]
[07/31/2019 17:25:53,544][ INFO][com.tfp.faccifweb.datasource.hibernate.ApplicationParametersDAOImpl]  Parameter [name,value]:  [allowASMNotifications,false]
[07/31/2019 17:25:53,569][ INFO][com.tfp.faccifweb.datasource.hibernate.ApplicationParametersDAOImpl]  Loading Application parameters for the env clink37
[07/31/2019 17:25:53,569][ INFO][com.tfp.faccifweb.datasource.hibernate.ApplicationParametersDAOImpl]  Parameter [name,value]:  [runBatchFiltering,true]
[07/31/2019 17:25:53,569][ INFO][com.tfp.faccifweb.datasource.hibernate.ApplicationParametersDAOImpl]  Parameter [name,value]:  [runSFTPProcess,true]
[07/31/2019 17:25:53,569][ INFO][com.tfp.faccifweb.datasource.hibernate.ApplicationParametersDAOImpl]  Parameter [name,value]:  [runAutoFilePickup,true]
[07/31/2019 17:25:53,570][ INFO][com.tfp.faccifweb.datasource.hibernate.ApplicationParametersDAOImpl]  Parameter [name,value]:  [runFolderReportsGenerator,true]
[07/31/2019 17:25:53,570][ INFO][com.tfp.faccifweb.datasource.hibernate.ApplicationParametersDAOImpl]  Parameter [name,value]:  [filePickupJobRunTime,0 0/2 * * * ?]
[07/31/2019 17:25:53,570][ INFO][com.tfp.faccifweb.datasource.hibernate.ApplicationParametersDAOImpl]  Parameter [name,value]:  [batchJobRunTime,0 1/2 * * * ?]
[07/31/2019 17:25:53,570][ INFO][com.tfp.faccifweb.datasource.hibernate.ApplicationParametersDAOImpl]  Parameter [name,value]:  [folderReportsGeneratorJobRunTime,0 0/5 * * * ?]
[07/31/2019 17:25:53,570][ INFO][com.tfp.faccifweb.datasource.hibernate.ApplicationParametersDAOImpl]  Parameter [name,value]:  [sftpBatchCreationJobRunTime,0 0/2 * * * ?]
[07/31/2019 17:25:53,571][ INFO][com.tfp.faccifweb.datasource.hibernate.ApplicationParametersDAOImpl]  Parameter [name,value]:  [InteractiveLookupWSURL,http://dockerhost:8080/ComplianceLinkWS/services/InteractiveFilterService]
[07/31/2019 17:25:53,575][ INFO][com.tfp.faccifweb.datasource.hibernate.ApplicationParametersDAOImpl]  Parameter [name,value]:  [CustomLookupWSURL,http://dockerhost:8080/ComplianceLinkWS/services/CustomFilterService]
[07/31/2019 17:25:53,575][ INFO][com.tfp.faccifweb.datasource.hibernate.ApplicationParametersDAOImpl]  Parameter [name,value]:  [ffplusfile,/data/accuity/clink/gwldata/]
[07/31/2019 17:25:53,575][ INFO][com.tfp.faccifweb.datasource.hibernate.ApplicationParametersDAOImpl]  Parameter [name,value]:  [sftpUserLocations,/data/accuity/clink/sftpusers]
[07/31/2019 17:25:53,576][ INFO][com.tfp.faccifweb.datasource.hibernate.ApplicationParametersDAOImpl]  Parameter [name,value]:  [batchFileLocation,/data/accuity/clink/batches/]
[07/31/2019 17:25:53,576][ INFO][com.tfp.faccifweb.datasource.hibernate.ApplicationParametersDAOImpl]  Parameter [name,value]:  [autoFilePickupDirectory,/data/accuity/clink/inboxgwl]
[07/31/2019 17:26:00,259][ INFO][com.tfp.faccifweb.ApplicationParameterInitializer] Using Default CharMap File : '/usr/local/tomcat/webapps/ComplianceLink/assets/charmap.xml'
[07/31/2019 17:26:01,999][ INFO][com.tfp.faccifweb.ApplicationParameterInitializer] Initialization Finished Successfully
[07/31/2019 17:26:02,004][ INFO][com.tfp.faccifweb.ApplicationParameterInitializer] All the Jobs configured: [DEFAULT.filePickupJob, DEFAULT.folderReportsGeneratorJob, DEFAULT.batchThreadJob, DEFAULT.sFTPBatchCreationJob, DEFAULT.accountCustDataCopyJob, DEFAULT.threadHeartbeatJob]
[07/31/2019 17:26:06,001][ INFO][com.tfp.faccifweb.datasource.hibernate.ApplicationParametersDAOImpl]  Loading All Application parameters for env: clink37 params: [com.accuity.compliancelink.beans.ApplicationParameters@f129bd5, com.accuity.compliancelink.beans.ApplicationParameters@695906f5, com.accuity.compliancelink.beans.ApplicationParameters@a3f48cc, com.accuity.compliancelink.beans.ApplicationParameters@7ec8ca6, com.accuity.compliancelink.beans.ApplicationParameters@1cbb63bd, com.accuity.compliancelink.beans.ApplicationParameters@3df4a071, com.accuity.compliancelink.beans.ApplicationParameters@4dfdf62b, com.accuity.compliancelink.beans.ApplicationParameters@2e97ca8e, com.accuity.compliancelink.beans.ApplicationParameters@69f6f26a, com.accuity.compliancelink.beans.ApplicationParameters@7199200d, com.accuity.compliancelink.beans.ApplicationParameters@5377dcbb, com.accuity.compliancelink.beans.ApplicationParameters@43a4afe1, com.accuity.compliancelink.beans.ApplicationParameters@1d1f605d, com.accuity.compliancelink.beans.ApplicationParameters@25bea2bb]
[07/31/2019 17:26:20,064][ INFO][com.accuity.cl.controllers.admin.inst.tfplists.UpdateTFPListsController] MLGWLXML File was uploaded by 'test', File: '/data/accuity/clink/inboxgwl/20190731052619_MLUPIDGWL.ZIP'
[07/31/2019 17:28:00,027][ INFO][com.tfp.faccifweb.admin.inst.tfplists.FilePickupJob] Starting to process 20190731052619_MLUPIDGWL.ZIP
[07/31/2019 17:28:28,223][ INFO][com.tfp.faccifweb.datasource.hibernate.PFCListUpdatesDAOImpl]  Saved PFCListUpdatesBean
[07/31/2019 17:28:28,229][ INFO][com.tfp.faccifweb.admin.inst.tfplists.PFCListDataProvider] gwlUpdateNotificationQueueBean has been added to Queue
[07/31/2019 17:28:28,338][ INFO][com.tfp.faccifweb.datasource.hibernate.PFCListUpdatesDAOImpl]  Saved PFCListUpdatesBean
[07/31/2019 17:28:28,342][ INFO][com.tfp.faccifweb.admin.inst.tfplists.PFCListDataProvider] gwlUpdateNotificationQueueBean has been added to Queue
[07/31/2019 17:28:28,346][ INFO][com.tfp.faccifweb.admin.inst.tfplists.FilePickupJob] MLGWLXML file process finished successfully. file: 20190731052619_MLUPIDGWL.ZIP, File in inbox has been deleted.
